<?xml version="1.0" encoding="UTF-8"?>
<!-- Generated by org.testng.reporters.JUnitXMLReporter -->
<testsuite hostname="DESKTOP-M53559M" ignored="0" name="Surefire test" tests="4" failures="0" timestamp="09 Nov 2020 19:23:20 GMT" time="7.772" errors="0">
  <testcase name="test01_addSectionAndVerify" time="2.276" classname="SanityTests.JSONServerAPI"/>
  <testcase name="test02_getProperty" time="1.288" classname="SanityTests.JSONServerAPI"/>
  <testcase name="test03_updateSectionAndVerify" time="0.116" classname="SanityTests.JSONServerAPI"/>
  <testcase name="test04_deleteSectionAndVerify" time="0.049" classname="SanityTests.JSONServerAPI"/>
</testsuite> <!-- Surefire test -->
