<?xml version="1.0" encoding="UTF-8"?>
<!-- Generated by org.testng.reporters.JUnitXMLReporter -->
<testsuite hostname="DESKTOP-M53559M" ignored="0" name="API Tests" tests="4" failures="0" timestamp="16 Nov 2020 19:35:46 GMT" time="6.014" errors="0">
  <testcase name="test01_addSectionAndVerify" time="1.833" classname="SanityTests.JSONServerAPI"/>
  <testcase name="test02_getProperty" time="0.954" classname="SanityTests.JSONServerAPI"/>
  <testcase name="test03_updateSectionAndVerify" time="0.108" classname="SanityTests.JSONServerAPI"/>
  <testcase name="test04_deleteSectionAndVerify" time="0.04" classname="SanityTests.JSONServerAPI"/>
</testsuite> <!-- API Tests -->
